[2021-02-25T19:48:34.932] [DEBUG] cheese - login => username:admin,password:123456
[2021-02-25T19:48:34.934] [DEBUG] cheese - admin
[2021-02-25T19:48:34.946] [DEBUG] cheese - null
[2021-02-25T19:48:34.947] [DEBUG] cheese - null
[2021-02-26T21:00:55.573] [DEBUG] cheese - login => username:admin,password:123456
[2021-02-26T21:00:55.577] [DEBUG] cheese - admin
[2021-02-26T21:00:55.694] [DEBUG] cheese - null
[2021-02-26T21:00:55.696] [DEBUG] cheese - null
[2021-02-26T21:01:57.209] [DEBUG] cheese - login => username:111111111,password:1111111111111
[2021-02-26T21:01:57.209] [DEBUG] cheese - 111111111
[2021-02-26T21:01:57.210] [DEBUG] cheese - null
[2021-02-26T21:01:57.211] [DEBUG] cheese - null
[2021-02-26T21:19:41.842] [DEBUG] cheese - login => username:11111,password:111111111111111
[2021-02-26T21:19:41.843] [DEBUG] cheese - 11111
[2021-02-26T21:19:41.847] [DEBUG] cheese - null
[2021-02-26T21:19:41.847] [DEBUG] cheese - null
[2021-02-26T21:31:45.626] [DEBUG] cheese - login => username:123456,password:123456
[2021-02-26T21:31:45.627] [DEBUG] cheese - 123456
[2021-02-26T21:31:45.631] [DEBUG] cheese - null
[2021-02-26T21:31:45.631] [DEBUG] cheese - null
[2021-02-26T21:31:49.672] [DEBUG] cheese - login => username:123456,password:123456
[2021-02-26T21:31:49.672] [DEBUG] cheese - 123456
[2021-02-26T21:31:49.674] [DEBUG] cheese - null
[2021-02-26T21:31:49.674] [DEBUG] cheese - null
[2021-02-26T21:32:28.326] [DEBUG] cheese - login => username:123456,password:1234556
[2021-02-26T21:32:28.326] [DEBUG] cheese - 123456
[2021-02-26T21:32:28.329] [DEBUG] cheese - null
[2021-02-26T21:32:28.329] [DEBUG] cheese - null
[2021-02-26T21:33:11.157] [DEBUG] cheese - login => username:123456,password:123456
[2021-02-26T21:33:11.157] [DEBUG] cheese - 123456
[2021-02-26T21:33:11.158] [DEBUG] cheese - null
[2021-02-26T21:33:11.159] [DEBUG] cheese - null
[2021-02-26T21:35:12.007] [DEBUG] cheese - login => username:admin,password:123456
[2021-02-26T21:35:12.007] [DEBUG] cheese - admin
[2021-02-26T21:35:12.012] [DEBUG] cheese - null
[2021-02-26T21:35:12.012] [DEBUG] cheese - null
[2021-02-26T21:36:05.565] [DEBUG] cheese - login => username:admin,password:123456
[2021-02-26T21:36:05.566] [DEBUG] cheese - admin
[2021-02-26T21:36:05.568] [DEBUG] cheese - null
[2021-02-26T21:36:05.568] [DEBUG] cheese - null
[2021-02-26T21:37:29.151] [DEBUG] cheese - login => username:admin,password:123456
[2021-02-26T21:37:29.151] [DEBUG] cheese - admin
[2021-02-26T21:37:29.152] [DEBUG] cheese - null
[2021-02-26T21:37:29.153] [DEBUG] cheese - null
[2021-02-26T21:37:35.412] [DEBUG] cheese - login => username:admin0,password:123456
[2021-02-26T21:37:35.412] [DEBUG] cheese - admin0
[2021-02-26T21:37:35.414] [DEBUG] cheese - null
[2021-02-26T21:37:35.414] [DEBUG] cheese - null
[2021-02-26T21:37:52.138] [DEBUG] cheese - login => username:admin,password:1234567
[2021-02-26T21:37:52.138] [DEBUG] cheese - admin
[2021-02-26T21:37:52.140] [DEBUG] cheese - null
[2021-02-26T21:37:52.140] [DEBUG] cheese - null
[2021-02-28T10:22:23.213] [DEBUG] cheese - login => username:admin,password:123456
[2021-02-28T10:22:23.216] [DEBUG] cheese - admin
[2021-02-28T10:22:23.458] [DEBUG] cheese - null
[2021-02-28T10:22:23.459] [DEBUG] cheese - null
[2021-02-28T10:26:57.152] [DEBUG] cheese - login => username:admin,password:123456
[2021-02-28T10:26:57.152] [DEBUG] cheese - admin
[2021-02-28T10:26:57.161] [DEBUG] cheese - null
[2021-02-28T10:26:57.161] [DEBUG] cheese - null
[2021-02-28T10:34:17.987] [DEBUG] cheese - login => username:admin,password:123456
[2021-02-28T10:34:17.987] [DEBUG] cheese - admin
[2021-02-28T10:34:17.992] [DEBUG] cheese - null
[2021-02-28T10:34:17.992] [DEBUG] cheese - null
[2021-02-28T10:55:54.227] [DEBUG] cheese - login => username:admin,password:123456
[2021-02-28T10:55:54.228] [DEBUG] cheese - admin
[2021-02-28T10:55:54.235] [DEBUG] cheese - null
[2021-02-28T10:55:54.235] [DEBUG] cheese - null
[2021-02-28T15:20:52.374] [DEBUG] cheese - login => username:admin,password:123456
[2021-02-28T15:20:52.375] [DEBUG] cheese - admin
[2021-02-28T15:20:52.549] [DEBUG] cheese - null
[2021-02-28T15:20:52.550] [DEBUG] cheese - null
[2021-02-28T15:21:55.265] [DEBUG] cheese - login => username:admin,password:123456
[2021-02-28T15:21:55.265] [DEBUG] cheese - admin
[2021-02-28T15:21:55.268] [DEBUG] cheese - null
[2021-02-28T15:21:55.268] [DEBUG] cheese - null
[2021-02-28T15:28:07.485] [DEBUG] cheese - login => username:admin,password:123456
[2021-02-28T15:28:07.486] [DEBUG] cheese - admin
[2021-02-28T15:28:07.491] [DEBUG] cheese - null
[2021-02-28T15:28:07.491] [DEBUG] cheese - null
[2021-02-28T15:28:48.265] [DEBUG] cheese - login => username:admin,password:123456
[2021-02-28T15:28:48.268] [DEBUG] cheese - admin
[2021-02-28T15:28:48.293] [DEBUG] cheese - null
[2021-02-28T15:28:48.293] [DEBUG] cheese - null
[2021-02-28T15:28:55.420] [DEBUG] cheese - login => username:admin,password:123456
[2021-02-28T15:28:55.420] [DEBUG] cheese - admin
[2021-02-28T15:28:55.423] [DEBUG] cheese - null
[2021-02-28T15:28:55.423] [DEBUG] cheese - null
[2021-02-28T15:41:26.037] [DEBUG] cheese - login => username:admin,password:123456
[2021-02-28T15:41:26.037] [DEBUG] cheese - admin
[2021-02-28T15:41:26.043] [DEBUG] cheese - null
[2021-02-28T15:41:26.043] [DEBUG] cheese - null
[2021-02-28T15:46:21.659] [DEBUG] cheese - login => username:admin,password:123456
[2021-02-28T15:46:21.660] [DEBUG] cheese - admin
[2021-02-28T15:46:21.666] [DEBUG] cheese - null
[2021-02-28T15:46:21.666] [DEBUG] cheese - null
[2021-02-28T20:00:52.191] [DEBUG] cheese - login => username:admin,password:123456
[2021-02-28T20:00:52.192] [DEBUG] cheese - admin
[2021-02-28T20:00:52.197] [DEBUG] cheese - null
[2021-02-28T20:00:52.197] [DEBUG] cheese - null
[2021-02-28T20:49:40.436] [DEBUG] cheese - login => username:admin,password:123456
[2021-02-28T20:49:40.436] [DEBUG] cheese - admin
[2021-02-28T20:49:40.441] [DEBUG] cheese - null
[2021-02-28T20:49:40.441] [DEBUG] cheese - null
[2021-02-28T20:53:11.504] [DEBUG] cheese - login => username:admin,password:123456
[2021-02-28T20:53:11.504] [DEBUG] cheese - admin
[2021-02-28T20:53:11.510] [DEBUG] cheese - null
[2021-02-28T20:53:11.510] [DEBUG] cheese - null
[2021-02-28T21:35:40.157] [DEBUG] cheese - login => username:admin,password:123456
[2021-02-28T21:35:40.157] [DEBUG] cheese - admin
[2021-02-28T21:35:40.161] [DEBUG] cheese - null
[2021-02-28T21:35:40.161] [DEBUG] cheese - null
[2021-02-28T22:31:02.759] [DEBUG] cheese - login => username:admin,password:123456
[2021-02-28T22:31:02.759] [DEBUG] cheese - admin
[2021-02-28T22:31:02.762] [DEBUG] cheese - null
[2021-02-28T22:31:02.762] [DEBUG] cheese - null
[2021-02-28T22:35:08.986] [DEBUG] cheese - login => username:admin,password:123456
[2021-02-28T22:35:08.987] [DEBUG] cheese - admin
[2021-02-28T22:35:08.994] [DEBUG] cheese - null
[2021-02-28T22:35:08.994] [DEBUG] cheese - null
[2021-03-01T08:38:58.513] [DEBUG] cheese - login => username:admin,password:123456
[2021-03-01T08:38:58.518] [DEBUG] cheese - admin
[2021-03-01T08:38:58.764] [DEBUG] cheese - null
[2021-03-01T08:38:58.766] [DEBUG] cheese - null
[2021-03-01T08:39:11.533] [DEBUG] cheese - login => username:admin,password:123456
[2021-03-01T08:39:11.533] [DEBUG] cheese - admin
[2021-03-01T08:39:11.536] [DEBUG] cheese - null
[2021-03-01T08:39:11.536] [DEBUG] cheese - null
[2021-03-01T08:47:17.798] [DEBUG] cheese - login => username:admin,password:123456
[2021-03-01T08:47:17.798] [DEBUG] cheese - admin
[2021-03-01T08:47:17.803] [DEBUG] cheese - null
[2021-03-01T08:47:17.803] [DEBUG] cheese - null
[2021-03-01T16:28:51.807] [DEBUG] cheese - login => username:admin,password:123456
[2021-03-01T16:28:51.807] [DEBUG] cheese - admin
[2021-03-01T16:28:51.809] [DEBUG] cheese - null
[2021-03-01T16:28:51.809] [DEBUG] cheese - null
[2021-03-01T18:55:30.992] [DEBUG] cheese - login => username:admin,password:123456
[2021-03-01T18:55:30.992] [DEBUG] cheese - admin
[2021-03-01T18:55:30.993] [DEBUG] cheese - null
[2021-03-01T18:55:30.994] [DEBUG] cheese - null
[2021-03-01T21:20:33.979] [DEBUG] cheese - login => username:admin,password:123456
[2021-03-01T21:20:33.979] [DEBUG] cheese - admin
[2021-03-01T21:20:33.984] [DEBUG] cheese - null
[2021-03-01T21:20:33.984] [DEBUG] cheese - null
[2021-03-01T22:09:37.053] [DEBUG] cheese - login => username:admin,password:123456
[2021-03-01T22:09:37.054] [DEBUG] cheese - admin
[2021-03-01T22:09:37.057] [DEBUG] cheese - null
[2021-03-01T22:09:37.058] [DEBUG] cheese - null
[2021-03-02T08:48:57.998] [DEBUG] cheese - login => username:admin,password:123456
[2021-03-02T08:48:58.000] [DEBUG] cheese - admin
[2021-03-02T08:48:58.847] [DEBUG] cheese - null
[2021-03-02T08:48:58.847] [DEBUG] cheese - null
[2021-03-02T09:20:37.209] [DEBUG] cheese - login => username:admin,password:123456
[2021-03-02T09:20:37.209] [DEBUG] cheese - admin
[2021-03-02T09:20:37.214] [DEBUG] cheese - null
[2021-03-02T09:20:37.214] [DEBUG] cheese - null
[2021-03-02T16:13:00.804] [DEBUG] cheese - null
[2021-03-02T16:16:37.555] [DEBUG] cheese - null
[2021-03-02T16:17:03.021] [DEBUG] cheese - null
[2021-03-02T16:19:38.452] [DEBUG] cheese - null
[2021-03-02T16:19:41.223] [DEBUG] cheese - null
[2021-03-02T20:20:04.295] [DEBUG] cheese - null
[2021-03-02T20:20:34.419] [DEBUG] cheese - null
[2021-03-02T20:20:39.155] [DEBUG] cheese - null
[2021-03-02T20:20:41.214] [DEBUG] cheese - null
[2021-03-02T20:20:44.445] [DEBUG] cheese - null
[2021-03-02T21:48:34.947] [DEBUG] cheese - login => username:admin,password:123456
[2021-03-02T21:48:34.948] [DEBUG] cheese - admin
[2021-03-02T21:48:34.953] [DEBUG] cheese - null
[2021-03-02T21:48:34.953] [DEBUG] cheese - null
[2021-03-03T19:02:35.536] [DEBUG] cheese - login => username:admin,password:123456
[2021-03-03T19:02:35.541] [DEBUG] cheese - admin
[2021-03-03T19:02:35.770] [DEBUG] cheese - null
[2021-03-03T19:02:35.771] [DEBUG] cheese - null
[2021-03-03T19:20:26.298] [DEBUG] cheese - login => username:admin,password:123456
[2021-03-03T19:20:26.298] [DEBUG] cheese - admin
[2021-03-03T19:20:26.303] [DEBUG] cheese - null
[2021-03-03T19:20:26.303] [DEBUG] cheese - null
[2021-03-03T19:32:34.094] [DEBUG] cheese - login => username:admin,password:123456
[2021-03-03T19:32:34.094] [DEBUG] cheese - admin
[2021-03-03T19:32:34.099] [DEBUG] cheese - null
[2021-03-03T19:32:34.099] [DEBUG] cheese - null
[2021-03-04T09:32:21.230] [DEBUG] cheese - login => username:admin,password:123456
[2021-03-04T09:32:21.235] [DEBUG] cheese - admin
[2021-03-04T09:32:21.366] [DEBUG] cheese - null
[2021-03-04T09:32:21.368] [DEBUG] cheese - null
[2021-03-04T11:23:03.609] [DEBUG] cheese - login => username:admin,password:123456
[2021-03-04T11:23:03.611] [DEBUG] cheese - admin
[2021-03-04T11:23:03.619] [DEBUG] cheese - null
[2021-03-04T11:23:03.620] [DEBUG] cheese - null
[2021-03-04T15:06:26.037] [DEBUG] cheese - login => username:admin,password:123456
[2021-03-04T15:06:26.040] [DEBUG] cheese - admin
[2021-03-04T15:06:26.203] [DEBUG] cheese - null
[2021-03-04T15:06:26.205] [DEBUG] cheese - null
[2021-03-04T15:16:06.868] [DEBUG] cheese - login => username:admin,password:123456
[2021-03-04T15:16:06.870] [DEBUG] cheese - admin
[2021-03-04T15:16:06.883] [DEBUG] cheese - null
[2021-03-04T15:16:06.883] [DEBUG] cheese - null
[2021-03-04T20:15:59.678] [DEBUG] cheese - login => username:admin,password:123456
[2021-03-04T20:15:59.683] [DEBUG] cheese - admin
[2021-03-04T20:15:59.859] [DEBUG] cheese - null
[2021-03-04T20:15:59.860] [DEBUG] cheese - null
[2021-03-06T08:47:07.412] [DEBUG] cheese - login => username:admin,password:123456
[2021-03-06T08:47:07.415] [DEBUG] cheese - admin
[2021-03-06T08:47:07.531] [DEBUG] cheese - null
[2021-03-06T08:47:07.532] [DEBUG] cheese - null
[2021-03-06T15:19:32.870] [DEBUG] cheese - login => username:admin,password:123456
[2021-03-06T15:19:32.872] [DEBUG] cheese - admin
[2021-03-06T15:19:32.883] [DEBUG] cheese - null
[2021-03-06T15:19:32.883] [DEBUG] cheese - null
[2021-03-06T15:22:56.738] [DEBUG] cheese - login => username:admin,password:123456
[2021-03-06T15:22:56.738] [DEBUG] cheese - admin
[2021-03-06T15:22:56.745] [DEBUG] cheese - null
[2021-03-06T15:22:56.745] [DEBUG] cheese - null
[2021-03-07T09:13:40.657] [DEBUG] cheese - login => username:admin,password:123456
[2021-03-07T09:13:40.660] [DEBUG] cheese - admin
[2021-03-07T09:13:40.744] [DEBUG] cheese - null
[2021-03-07T09:13:40.746] [DEBUG] cheese - null
[2021-03-07T15:20:30.154] [DEBUG] cheese - null
[2021-03-07T15:35:45.025] [DEBUG] cheese - login => username:admin,password:123456
[2021-03-07T15:35:45.026] [DEBUG] cheese - admin
[2021-03-07T15:35:45.031] [DEBUG] cheese - null
[2021-03-07T15:35:45.031] [DEBUG] cheese - null
[2021-03-07T16:25:30.725] [DEBUG] cheese - login => username:admin,password:123456
[2021-03-07T16:25:30.725] [DEBUG] cheese - admin
[2021-03-07T16:25:30.729] [DEBUG] cheese - null
[2021-03-07T16:25:30.729] [DEBUG] cheese - null
[2021-03-07T19:37:31.326] [DEBUG] cheese - login => username:admin,password:123456
[2021-03-07T19:37:31.328] [DEBUG] cheese - admin
[2021-03-07T19:37:31.334] [DEBUG] cheese - null
[2021-03-07T19:37:31.334] [DEBUG] cheese - null
[2021-03-07T19:45:05.585] [DEBUG] cheese - login => username:admin,password:123456
[2021-03-07T19:45:05.586] [DEBUG] cheese - admin
[2021-03-07T19:45:05.588] [DEBUG] cheese - null
[2021-03-07T19:45:05.588] [DEBUG] cheese - null
[2021-03-07T19:47:19.649] [DEBUG] cheese - login => username:admin,password:123456
[2021-03-07T19:47:19.650] [DEBUG] cheese - admin
[2021-03-07T19:47:19.654] [DEBUG] cheese - null
[2021-03-07T19:47:19.655] [DEBUG] cheese - null
[2021-03-07T20:42:17.770] [DEBUG] cheese - login => username:admin,password:123456
[2021-03-07T20:42:17.772] [DEBUG] cheese - admin
[2021-03-07T20:42:17.779] [DEBUG] cheese - null
[2021-03-07T20:42:17.780] [DEBUG] cheese - null
[2021-03-07T20:42:19.391] [DEBUG] cheese - login => username:admin,password:123456
[2021-03-07T20:42:19.391] [DEBUG] cheese - admin
[2021-03-07T20:42:19.395] [DEBUG] cheese - null
[2021-03-07T20:42:19.395] [DEBUG] cheese - null
[2021-03-07T20:42:20.271] [DEBUG] cheese - login => username:admin,password:123456
[2021-03-07T20:42:20.271] [DEBUG] cheese - admin
[2021-03-07T20:42:20.273] [DEBUG] cheese - null
[2021-03-07T20:42:20.273] [DEBUG] cheese - null
[2021-03-07T20:43:57.518] [DEBUG] cheese - login => username:admin,password:123456
[2021-03-07T20:43:57.518] [DEBUG] cheese - admin
[2021-03-07T20:43:57.519] [DEBUG] cheese - null
[2021-03-07T20:43:57.519] [DEBUG] cheese - null
[2021-03-07T21:13:12.524] [DEBUG] cheese - login => username:admin,password:123456
[2021-03-07T21:13:12.525] [DEBUG] cheese - admin
[2021-03-07T21:13:12.531] [DEBUG] cheese - null
[2021-03-07T21:13:12.532] [DEBUG] cheese - null
[2021-03-07T21:22:51.138] [DEBUG] cheese - login => username:admin,password:123456
[2021-03-07T21:22:51.138] [DEBUG] cheese - admin
[2021-03-07T21:22:51.146] [DEBUG] cheese - null
[2021-03-07T21:22:51.146] [DEBUG] cheese - null
[2021-03-08T11:04:31.941] [DEBUG] cheese - login => username:admin,password:123456
[2021-03-08T11:04:31.943] [DEBUG] cheese - admin
[2021-03-08T11:04:31.973] [DEBUG] cheese - null
[2021-03-08T11:04:31.973] [DEBUG] cheese - null
[2021-03-08T19:49:32.671] [DEBUG] cheese - login => username:admin,password:123456
[2021-03-08T19:49:32.677] [DEBUG] cheese - admin
[2021-03-08T19:49:32.774] [DEBUG] cheese - null
[2021-03-08T19:49:32.775] [DEBUG] cheese - null
[2021-03-08T20:11:36.034] [DEBUG] cheese - login => username:admin,password:123456
[2021-03-08T20:11:36.034] [DEBUG] cheese - admin
[2021-03-08T20:11:36.036] [DEBUG] cheese - null
[2021-03-08T20:11:36.036] [DEBUG] cheese - null
[2021-03-08T20:36:57.118] [DEBUG] cheese - login => username:admin,password:123456
[2021-03-08T20:36:57.120] [DEBUG] cheese - admin
[2021-03-08T20:36:57.130] [DEBUG] cheese - null
[2021-03-08T20:36:57.131] [DEBUG] cheese - null
[2021-03-08T20:50:42.911] [DEBUG] cheese - login => username:admin,password:123456
[2021-03-08T20:50:42.911] [DEBUG] cheese - admin
[2021-03-08T20:50:42.916] [DEBUG] cheese - null
[2021-03-08T20:50:42.916] [DEBUG] cheese - null
[2021-03-08T20:59:00.211] [DEBUG] cheese - login => username:admin,password:123456
[2021-03-08T20:59:00.212] [DEBUG] cheese - admin
[2021-03-08T20:59:00.217] [DEBUG] cheese - null
[2021-03-08T20:59:00.217] [DEBUG] cheese - null
